<?xml version="1.0" encoding="UTF-8"?>
<testng-results skipped="0" failed="0" total="0" passed="0">
  <reporter-output>
  </reporter-output>
  <suite name="com.orangehrm.org.AppTest" duration-ms="20" started-at="2018-03-25T20:35:19Z" finished-at="2018-03-25T20:35:19Z">
    <groups>
    </groups>
    <test name="Command line test" duration-ms="20" started-at="2018-03-25T20:35:19Z" finished-at="2018-03-25T20:35:19Z">
    </test> <!-- Command line test -->
  </suite> <!-- com.orangehrm.org.AppTest -->
</testng-results>
