<?xml version="1.0" encoding="UTF-8"?>
<testng-results skipped="0" failed="0" total="1" passed="1">
  <reporter-output>
  </reporter-output>
  <suite name="Default suite" duration-ms="19477" started-at="2018-03-23T16:01:08Z" finished-at="2018-03-23T16:01:28Z">
    <groups>
    </groups>
    <test name="Default test" duration-ms="19477" started-at="2018-03-23T16:01:08Z" finished-at="2018-03-23T16:01:28Z">
      <class name="com.orangehrm.org.test.TestOrgHrm">
        <test-method status="PASS" signature="SetUp()[pri:0, instance:com.orangehrm.org.test.TestOrgHrm@58651fd0]" name="SetUp" is-config="true" duration-ms="9083" started-at="2018-03-23T21:30:59Z" finished-at="2018-03-23T21:31:08Z">
          <reporter-output>
          </reporter-output>
        </test-method> <!-- SetUp -->
        <test-method status="PASS" signature="RegressionSuite()[pri:0, instance:com.orangehrm.org.test.TestOrgHrm@58651fd0]" name="RegressionSuite" duration-ms="19463" started-at="2018-03-23T21:31:08Z" finished-at="2018-03-23T21:31:28Z">
          <reporter-output>
          </reporter-output>
        </test-method> <!-- RegressionSuite -->
        <test-method status="PASS" signature="TearDown()[pri:0, instance:com.orangehrm.org.test.TestOrgHrm@58651fd0]" name="TearDown" is-config="true" duration-ms="2820" started-at="2018-03-23T21:31:28Z" finished-at="2018-03-23T21:31:31Z">
          <reporter-output>
          </reporter-output>
        </test-method> <!-- TearDown -->
      </class> <!-- com.orangehrm.org.test.TestOrgHrm -->
    </test> <!-- Default test -->
  </suite> <!-- Default suite -->
</testng-results>
